<?xml version="1.0" encoding="UTF-8"?>
<testng-results skipped="0" failed="0" total="1" passed="1">
  <reporter-output>
  </reporter-output>
  <suite name="Default suite" duration-ms="131957" started-at="2018-02-16T17:41:39Z" finished-at="2018-02-16T17:43:51Z">
    <groups>
    </groups>
    <test name="Default test" duration-ms="131957" started-at="2018-02-16T17:41:39Z" finished-at="2018-02-16T17:43:51Z">
      <class name="AutoDownloader.IDSystemAutoDownloader.TC001_DownloadingSoftware">
        <test-method status="PASS" signature="setUp()[pri:0, instance:AutoDownloader.IDSystemAutoDownloader.TC001_DownloadingSoftware@42e26948]" name="setUp" is-config="true" duration-ms="112216" started-at="2018-02-16T23:11:39Z" finished-at="2018-02-16T23:13:31Z">
          <reporter-output>
          </reporter-output>
        </test-method> <!-- setUp -->
        <test-method status="PASS" signature="verifyLoginWithCreadentials()[pri:0, instance:AutoDownloader.IDSystemAutoDownloader.TC001_DownloadingSoftware@42e26948]" name="verifyLoginWithCreadentials" duration-ms="7097" started-at="2018-02-16T23:13:31Z" finished-at="2018-02-16T23:13:39Z">
          <reporter-output>
          </reporter-output>
        </test-method> <!-- verifyLoginWithCreadentials -->
        <test-method status="PASS" signature="tearDown()[pri:0, instance:AutoDownloader.IDSystemAutoDownloader.TC001_DownloadingSoftware@42e26948]" name="tearDown" is-config="true" duration-ms="12629" started-at="2018-02-16T23:13:39Z" finished-at="2018-02-16T23:13:51Z">
          <reporter-output>
          </reporter-output>
        </test-method> <!-- tearDown -->
      </class> <!-- AutoDownloader.IDSystemAutoDownloader.TC001_DownloadingSoftware -->
    </test> <!-- Default test -->
  </suite> <!-- Default suite -->
</testng-results>
